<?xml version="1.0" encoding="UTF-8"?>
<testsuite name="com.phonebook.tests.LoginTests" tests="1" skipped="0" failures="0" errors="0" timestamp="2025-09-10T15:55:20.495Z" hostname="Mac.lan" time="1.774">
  <properties/>
  <testcase name="loginNegativeWitouthEmailTest" classname="com.phonebook.tests.LoginTests" time="1.774"/>
  <system-out><![CDATA[]]></system-out>
  <system-err><![CDATA[]]></system-err>
</testsuite>
