<?xml version="1.0" encoding="UTF-8"?>
<testsuite name="com.phonebook.tests.CreateAccountTests" tests="1" skipped="0" failures="0" errors="0" timestamp="2025-09-10T15:55:22.280Z" hostname="Mac.lan" time="5.689">
  <properties/>
  <testcase name="exsistedUserRegistrationNegativeTest" classname="com.phonebook.tests.CreateAccountTests" time="5.689"/>
  <system-out><![CDATA[]]></system-out>
  <system-err><![CDATA[]]></system-err>
</testsuite>
